<?xml version="1.0" encoding="UTF-8"?>
<!-- Generated by org.testng.reporters.JUnitReportReporter -->
<testsuite hostname="CODE81-C7RB" failures="0" tests="3" name="v.task.Checktest" time="19.050" errors="0" timestamp="2024-06-11T17:25:29 EEST" skipped="0">
  <testcase classname="v.task.Checktest" name="userCanValidateksa" time="2.255"/>
  <system-out/>
  <testcase classname="v.task.Checktest" name="userCanValidatekwt" time="10.086"/>
  <system-out/>
  <testcase classname="v.task.Checktest" name="userCanValidateBHRN" time="6.709"/>
  <system-out/>
</testsuite> <!-- v.task.Checktest -->
